<?xml version="1.0" encoding="UTF-8"?>
<!-- Generated by org.testng.reporters.JUnitXMLReporter -->
<testsuite hostname="KCT-L-274" ignored="17" tests="0" failures="0" timestamp="2022-01-22T16:07:19 IST" time="0.612" errors="0">
  <testcase name="deleteSelectedFunctionalityTest" time="0.0" classname="com.kalkitech.doble.testcases.SCLFiles.SCLFileLoadingTest">
    <ignored/>
  </testcase> <!-- deleteSelectedFunctionalityTest -->
  <testcase name="replaceFileFunctionalityTest" time="0.0" classname="com.kalkitech.doble.testcases.SCLFiles.SCLFileLoadingTest">
    <ignored/>
  </testcase> <!-- replaceFileFunctionalityTest -->
  <testcase name="IEDLoadPageElementsCheckTest" time="0.0" classname="com.kalkitech.doble.testcases.SCLFiles.SCLFileLoadingTest">
    <ignored/>
  </testcase> <!-- IEDLoadPageElementsCheckTest -->
  <testcase name="siscoErrorfileloadTest" time="0.0" classname="com.kalkitech.doble.testcases.SCLFiles.SCLFileLoadingTest">
    <ignored/>
  </testcase> <!-- siscoErrorfileloadTest -->
  <testcase name="columnCheckInfilesystemTableTest" time="0.0" classname="com.kalkitech.doble.testcases.SCLFiles.SCLFileLoadingTest">
    <ignored/>
  </testcase> <!-- columnCheckInfilesystemTableTest -->
  <testcase name="sclFileLoadTest" time="0.0" classname="com.kalkitech.doble.testcases.SCLFiles.SCLFileLoadingTest">
    <ignored/>
  </testcase> <!-- sclFileLoadTest -->
  <testcase name="sclFileloadWithOnlyGSEMessagesTest" time="0.0" classname="com.kalkitech.doble.testcases.SCLFiles.SCLFileLoadingTest">
    <ignored/>
  </testcase> <!-- sclFileloadWithOnlyGSEMessagesTest -->
  <testcase name="settingsElementsCheckTest" time="0.0" classname="com.kalkitech.doble.testcases.SCLFiles.SCLFileLoadingTest">
    <ignored/>
  </testcase> <!-- settingsElementsCheckTest -->
  <testcase name="fileLoadWithZeroMessagesTest" time="0.0" classname="com.kalkitech.doble.testcases.SCLFiles.SCLFileLoadingTest">
    <ignored/>
  </testcase> <!-- fileLoadWithZeroMessagesTest -->
  <testcase name="sclFileloadWithOnlySVMessagesTest" time="0.0" classname="com.kalkitech.doble.testcases.SCLFiles.SCLFileLoadingTest">
    <ignored/>
  </testcase> <!-- sclFileloadWithOnlySVMessagesTest -->
  <testcase name="sclFileloadWithGSEAndSVMessagesTest" time="0.0" classname="com.kalkitech.doble.testcases.SCLFiles.SCLFileLoadingTest">
    <ignored/>
  </testcase> <!-- sclFileloadWithGSEAndSVMessagesTest -->
  <testcase name="fileLoadAndColumnsCheckTest" time="0.0" classname="com.kalkitech.doble.testcases.SCLFiles.SCLFileLoadingTest">
    <ignored/>
  </testcase> <!-- fileLoadAndColumnsCheckTest -->
  <testcase name="searchFunctionInFileSystemTest" time="0.0" classname="com.kalkitech.doble.testcases.SCLFiles.SCLFileLoadingTest">
    <ignored/>
  </testcase> <!-- searchFunctionInFileSystemTest -->
  <testcase name="warningMsgOnSubmitWithoutUploadTest" time="0.0" classname="com.kalkitech.doble.testcases.SCLFiles.SCLFileLoadingTest">
    <ignored/>
  </testcase> <!-- warningMsgOnSubmitWithoutUploadTest -->
  <testcase name="UIElementsCheckTest" time="0.0" classname="com.kalkitech.doble.testcases.SCLFiles.SCLFileLoadingTest">
    <ignored/>
  </testcase> <!-- UIElementsCheckTest -->
  <testcase name="uploadWithSelectAllIEDsCheckboxTest" time="0.0" classname="com.kalkitech.doble.testcases.SCLFiles.SCLFileLoadingTest">
    <ignored/>
  </testcase> <!-- uploadWithSelectAllIEDsCheckboxTest -->
  <testcase name="checkAndUncheckFilesInableTest" time="0.0" classname="com.kalkitech.doble.testcases.SCLFiles.SCLFileLoadingTest">
    <ignored/>
  </testcase> <!-- checkAndUncheckFilesInableTest -->
</testsuite>
