<?xml version="1.0" encoding="UTF-8"?>
<!-- Generated by org.testng.reporters.JUnitXMLReporter -->
<testsuite hostname="DESKTOP-3L8M6LS" ignored="41" name="Test-Login-UserMgmt(failed)" tests="8" failures="1" timestamp="2021-10-27T19:40:44 IST" time="389.777" errors="0">
  <testcase name="sclFileLoadTest" time="89.377" classname="com.kalkitech.doble.testcases.SCLFiles.SCLFileLoadingTest"/>
  <testcase name="sclFileloadWithOnlyGSEMessagesTest" time="63.444" classname="com.kalkitech.doble.testcases.SCLFiles.SCLFileLoadingTest"/>
  <testcase name="loadssdFileInFileSystemTest" time="24.845" classname="com.kalkitech.doble.testcases.SCLFiles.SCLFileLoadingTest"/>
  <testcase name="fileLoadWithZeroMessagesTest" time="55.756" classname="com.kalkitech.doble.testcases.SCLFiles.SCLFileLoadingTest">
    <failure type="java.lang.AssertionError" message="expected [true] but found [false]">
      <![CDATA[java.lang.AssertionError: expected [true] but found [false]
at com.kalkitech.doble.testcases.SCLFiles.SCLFileLoadingTest.fileLoadWithZeroMessagesTest(SCLFileLoadingTest.java:568)
at java.util.ArrayList.forEach(Unknown Source)
... Removed 31 stack frames]]>
    </failure>
  </testcase> <!-- fileLoadWithZeroMessagesTest -->
  <testcase name="selectAllClickInSelectIEDsPopUpTest" time="24.285" classname="com.kalkitech.doble.testcases.SCLFiles.SCLFileLoadingTest"/>
  <testcase name="sclFileloadWithOnlySVMessagesTest" time="43.072" classname="com.kalkitech.doble.testcases.SCLFiles.SCLFileLoadingTest"/>
  <testcase name="removeFileUsingDeleteBtnFileSystemTest" time="11.415" classname="com.kalkitech.doble.testcases.SCLFiles.SCLFileLoadingTest"/>
  <testcase name="sclFileloadWithGSEAndSVMessagesTest" time="64.265" classname="com.kalkitech.doble.testcases.SCLFiles.SCLFileLoadingTest"/>
  <testcase name="XBtnInIEDLoadSuccessPageCheckTest" time="0.0" classname="com.kalkitech.doble.testcases.SCLFiles.SCLFileLoadingTest">
    <ignored/>
  </testcase> <!-- XBtnInIEDLoadSuccessPageCheckTest -->
  <testcase name="IEDLoadPageElementsCheckTest" time="0.0" classname="com.kalkitech.doble.testcases.SCLFiles.SCLFileLoadingTest">
    <ignored/>
  </testcase> <!-- IEDLoadPageElementsCheckTest -->
  <testcase name="renamePopUpElementsCheckTest" time="0.0" classname="com.kalkitech.doble.testcases.SCLFiles.SCLFileLoadingTest">
    <ignored/>
  </testcase> <!-- renamePopUpElementsCheckTest -->
  <testcase name="loadsedFileInFileSystemTest" time="0.0" classname="com.kalkitech.doble.testcases.SCLFiles.SCLFileLoadingTest">
    <ignored/>
  </testcase> <!-- loadsedFileInFileSystemTest -->
  <testcase name="extensionAvailableCheckTest" time="0.0" classname="com.kalkitech.doble.testcases.SCLFiles.SCLFileLoadingTest">
    <ignored/>
  </testcase> <!-- extensionAvailableCheckTest -->
  <testcase name="replaceDuplicateFileUploadTest" time="0.0" classname="com.kalkitech.doble.testcases.SCLFiles.SCLFileLoadingTest">
    <ignored/>
  </testcase> <!-- replaceDuplicateFileUploadTest -->
  <testcase name="IEDLoadstatusCheckTest" time="0.0" classname="com.kalkitech.doble.testcases.SCLFiles.SCLFileLoadingTest">
    <ignored/>
  </testcase> <!-- IEDLoadstatusCheckTest -->
  <testcase name="settingsElementsCheckTest" time="0.0" classname="com.kalkitech.doble.testcases.SCLFiles.SCLFileLoadingTest">
    <ignored/>
  </testcase> <!-- settingsElementsCheckTest -->
  <testcase name="loadingWindowcidFileTest" time="0.0" classname="com.kalkitech.doble.testcases.SCLFiles.SCLFileLoadingTest">
    <ignored/>
  </testcase> <!-- loadingWindowcidFileTest -->
  <testcase name="canceldeleteFileInFileSystemTableTest" time="0.0" classname="com.kalkitech.doble.testcases.SCLFiles.SCLFileLoadingTest">
    <ignored/>
  </testcase> <!-- canceldeleteFileInFileSystemTableTest -->
  <testcase name="loadingWindowscdFileTest" time="0.0" classname="com.kalkitech.doble.testcases.SCLFiles.SCLFileLoadingTest">
    <ignored/>
  </testcase> <!-- loadingWindowscdFileTest -->
  <testcase name="IEDLoadSuccessMsgCheckTest" time="0.0" classname="com.kalkitech.doble.testcases.SCLFiles.SCLFileLoadingTest">
    <ignored/>
  </testcase> <!-- IEDLoadSuccessMsgCheckTest -->
  <testcase name="singleIEDloadTest" time="0.0" classname="com.kalkitech.doble.testcases.SCLFiles.SCLFileLoadingTest">
    <ignored/>
  </testcase> <!-- singleIEDloadTest -->
  <testcase name="deleteSelectedClickWithoutSelectingFileTest" time="0.0" classname="com.kalkitech.doble.testcases.SCLFiles.SCLFileLoadingTest">
    <ignored/>
  </testcase> <!-- deleteSelectedClickWithoutSelectingFileTest -->
  <testcase name="selectFilesUsingSelectAllFileSystemTest" time="0.0" classname="com.kalkitech.doble.testcases.SCLFiles.SCLFileLoadingTest">
    <ignored/>
  </testcase> <!-- selectFilesUsingSelectAllFileSystemTest -->
  <testcase name="closeBtnClickInIEDsStatusInfoPopUpTest" time="0.0" classname="com.kalkitech.doble.testcases.SCLFiles.SCLFileLoadingTest">
    <ignored/>
  </testcase> <!-- closeBtnClickInIEDsStatusInfoPopUpTest -->
  <testcase name="canceldeleteFileInFileSystemTableUsingCloseTest" time="0.0" classname="com.kalkitech.doble.testcases.SCLFiles.SCLFileLoadingTest">
    <ignored/>
  </testcase> <!-- canceldeleteFileInFileSystemTableUsingCloseTest -->
  <testcase name="loadiidFileInFileSystemTest" time="0.0" classname="com.kalkitech.doble.testcases.SCLFiles.SCLFileLoadingTest">
    <ignored/>
  </testcase> <!-- loadiidFileInFileSystemTest -->
  <testcase name="deleteAllFileInFilesystemTableTest" time="0.0" classname="com.kalkitech.doble.testcases.SCLFiles.SCLFileLoadingTest">
    <ignored/>
  </testcase> <!-- deleteAllFileInFilesystemTableTest -->
  <testcase name="searchFunctionFileSystemWithRandomcharacterSearchTest" time="0.0" classname="com.kalkitech.doble.testcases.SCLFiles.SCLFileLoadingTest">
    <ignored/>
  </testcase> <!-- searchFunctionFileSystemWithRandomcharacterSearchTest -->
  <testcase name="loadIEDPopUpCheckTest" time="0.0" classname="com.kalkitech.doble.testcases.SCLFiles.SCLFileLoadingTest">
    <ignored/>
  </testcase> <!-- loadIEDPopUpCheckTest -->
  <testcase name="warningMsgOnSubmitWithoutUploadTest" time="0.0" classname="com.kalkitech.doble.testcases.SCLFiles.SCLFileLoadingTest">
    <ignored/>
  </testcase> <!-- warningMsgOnSubmitWithoutUploadTest -->
  <testcase name="searchFunctionFileSystemTest" time="0.0" classname="com.kalkitech.doble.testcases.SCLFiles.SCLFileLoadingTest">
    <ignored/>
  </testcase> <!-- searchFunctionFileSystemTest -->
  <testcase name="UIElementsCheckTest" time="0.0" classname="com.kalkitech.doble.testcases.SCLFiles.SCLFileLoadingTest">
    <ignored/>
  </testcase> <!-- UIElementsCheckTest -->
  <testcase name="loadingWindowicdFileTest" time="0.0" classname="com.kalkitech.doble.testcases.SCLFiles.SCLFileLoadingTest">
    <ignored/>
  </testcase> <!-- loadingWindowicdFileTest -->
  <testcase name="siscoErrorfileloadTest" time="0.0" classname="com.kalkitech.doble.testcases.SCLFiles.SCLFileLoadingTest">
    <ignored/>
  </testcase> <!-- siscoErrorfileloadTest -->
  <testcase name="columnCheckInfilesystemTableTest" time="0.0" classname="com.kalkitech.doble.testcases.SCLFiles.SCLFileLoadingTest">
    <ignored/>
  </testcase> <!-- columnCheckInfilesystemTableTest -->
  <testcase name="loadingWindowiidFileTest" time="0.0" classname="com.kalkitech.doble.testcases.SCLFiles.SCLFileLoadingTest">
    <ignored/>
  </testcase> <!-- loadingWindowiidFileTest -->
  <testcase name="removeFileUsingDeleteAllFileSystemTest" time="0.0" classname="com.kalkitech.doble.testcases.SCLFiles.SCLFileLoadingTest">
    <ignored/>
  </testcase> <!-- removeFileUsingDeleteAllFileSystemTest -->
  <testcase name="cancelrenameFileInFilesystemTableTest" time="0.0" classname="com.kalkitech.doble.testcases.SCLFiles.SCLFileLoadingTest">
    <ignored/>
  </testcase> <!-- cancelrenameFileInFilesystemTableTest -->
  <testcase name="loadingWindowssdFileTest" time="0.0" classname="com.kalkitech.doble.testcases.SCLFiles.SCLFileLoadingTest">
    <ignored/>
  </testcase> <!-- loadingWindowssdFileTest -->
  <testcase name="loadcidFileInFileSystemTest" time="0.0" classname="com.kalkitech.doble.testcases.SCLFiles.SCLFileLoadingTest">
    <ignored/>
  </testcase> <!-- loadcidFileInFileSystemTest -->
  <testcase name="renameFileInFileSystemTableTest" time="0.0" classname="com.kalkitech.doble.testcases.SCLFiles.SCLFileLoadingTest">
    <ignored/>
  </testcase> <!-- renameFileInFileSystemTableTest -->
  <testcase name="loadscdFileInFileSystemTest" time="0.0" classname="com.kalkitech.doble.testcases.SCLFiles.SCLFileLoadingTest">
    <ignored/>
  </testcase> <!-- loadscdFileInFileSystemTest -->
  <testcase name="deleteFileInfilesystemTableTest" time="0.0" classname="com.kalkitech.doble.testcases.SCLFiles.SCLFileLoadingTest">
    <ignored/>
  </testcase> <!-- deleteFileInfilesystemTableTest -->
  <testcase name="cancelReplaceDuplicateFileUploadTest" time="0.0" classname="com.kalkitech.doble.testcases.SCLFiles.SCLFileLoadingTest">
    <ignored/>
  </testcase> <!-- cancelReplaceDuplicateFileUploadTest -->
  <testcase name="loadicdFileInFileSystemTest" time="0.0" classname="com.kalkitech.doble.testcases.SCLFiles.SCLFileLoadingTest">
    <ignored/>
  </testcase> <!-- loadicdFileInFileSystemTest -->
  <testcase name="uploadPopUpAndElementsCheckTest" time="0.0" classname="com.kalkitech.doble.testcases.SCLFiles.SCLFileLoadingTest">
    <ignored/>
  </testcase> <!-- uploadPopUpAndElementsCheckTest -->
  <testcase name="loadingWindowsedFileTest" time="0.0" classname="com.kalkitech.doble.testcases.SCLFiles.SCLFileLoadingTest">
    <ignored/>
  </testcase> <!-- loadingWindowsedFileTest -->
  <testcase name="multipleIEDloadTest" time="0.0" classname="com.kalkitech.doble.testcases.SCLFiles.SCLFileLoadingTest">
    <ignored/>
  </testcase> <!-- multipleIEDloadTest -->
  <testcase name="closeBtnInIEDLoadSuccessPageCheckTest" time="0.0" classname="com.kalkitech.doble.testcases.SCLFiles.SCLFileLoadingTest">
    <ignored/>
  </testcase> <!-- closeBtnInIEDLoadSuccessPageCheckTest -->
</testsuite> <!-- Test-Login-UserMgmt(failed) -->
