<?xml version="1.0" encoding="UTF-8"?>
<!-- Generated by org.testng.reporters.JUnitXMLReporter -->
<testsuite hostname="DESKTOP-3L8M6LS" ignored="48" name="Test-Login-UserMgmt(failed)(failed)" tests="1" failures="0" timestamp="2021-11-09T15:32:39 IST" time="50.117" errors="0">
  <testcase name="@BeforeClass beforeClass" time="45.935" classname="com.kalkitech.doble.testcases.SCLFiles.SCLFileLoadingTest">
    <failure type="org.openqa.selenium.SessionNotCreatedException" message="Could not start a new session. Possible causes are invalid address of the remote server or browser start-up failure.
Build info: version: &amp;apos;4.0.0-beta-1&amp;apos;, revision: &amp;apos;9c03156c2b&amp;apos;
System info: host: &amp;apos;DESKTOP-3L8M6LS&amp;apos;, ip: &amp;apos;192.168.6.7&amp;apos;, os.name: &amp;apos;Windows 10&amp;apos;, os.arch: &amp;apos;amd64&amp;apos;, os.version: &amp;apos;10.0&amp;apos;, java.version: &amp;apos;1.8.0_241&amp;apos;
Driver info: org.openqa.selenium.chrome.ChromeDriver
Command: [null, newSession {desiredCapabilities=Capabilities {browserName: chrome}}]
Capabilities {}">
      <![CDATA[org.openqa.selenium.SessionNotCreatedException: Could not start a new session. Possible causes are invalid address of the remote server or browser start-up failure.
Build info: version: '4.0.0-beta-1', revision: '9c03156c2b'
System info: host: 'DESKTOP-3L8M6LS', ip: '192.168.6.7', os.name: 'Windows 10', os.arch: 'amd64', os.version: '10.0', java.version: '1.8.0_241'
Driver info: org.openqa.selenium.chrome.ChromeDriver
Command: [null, newSession {desiredCapabilities=Capabilities {browserName: chrome}}]
Capabilities {}
at org.openqa.selenium.remote.RemoteWebDriver.execute(RemoteWebDriver.java:635)
at org.openqa.selenium.remote.RemoteWebDriver.startSession(RemoteWebDriver.java:252)
at org.openqa.selenium.remote.RemoteWebDriver.<init>(RemoteWebDriver.java:174)
at org.openqa.selenium.chromium.ChromiumDriver.<init>(ChromiumDriver.java:82)
at org.openqa.selenium.chrome.ChromeDriver.<init>(ChromeDriver.java:99)
at org.openqa.selenium.chrome.ChromeDriver.<init>(ChromeDriver.java:86)
at org.openqa.selenium.chrome.ChromeDriver.<init>(ChromeDriver.java:41)
at com.kalkitech.doble.genericLib.Browsers.fn_LaunchBrowser(Browsers.java:25)
at com.kalkitech.doble.testcases.SCLFiles.SCLFileLoadingTest.beforeClass(SCLFileLoadingTest.java:28)
at java.util.ArrayList.forEach(Unknown Source)
Caused by: java.lang.NullPointerException
at org.openqa.selenium.remote.ProtocolHandshake.createSession(ProtocolHandshake.java:122)
at org.openqa.selenium.remote.ProtocolHandshake.createSession(ProtocolHandshake.java:73)
at org.openqa.selenium.remote.HttpCommandExecutor.execute(HttpCommandExecutor.java:153)
at org.openqa.selenium.remote.service.DriverCommandExecutor.invokeExecute(DriverCommandExecutor.java:153)
at org.openqa.selenium.remote.service.DriverCommandExecutor.execute(DriverCommandExecutor.java:128)
at org.openqa.selenium.remote.RemoteWebDriver.execute(RemoteWebDriver.java:620)
... 34 more
... Removed 25 stack frames]]>
    </failure>
  </testcase> <!-- @BeforeClass beforeClass -->
  <testcase name="@BeforeMethod beforeTest" time="-1.636452158872E9" classname="com.kalkitech.doble.testcases.SCLFiles.SCLFileLoadingTest">
    <skipped/>
  </testcase> <!-- @BeforeMethod beforeTest -->
  <testcase name="@AfterMethod tearDown" time="-1.636452159066E9" classname="com.kalkitech.doble.testcases.SCLFiles.SCLFileLoadingTest">
    <skipped/>
  </testcase> <!-- @AfterMethod tearDown -->
  <testcase name="@AfterClass afterClass" time="-1.636452159068E9" classname="com.kalkitech.doble.testcases.SCLFiles.SCLFileLoadingTest">
    <skipped/>
  </testcase> <!-- @AfterClass afterClass -->
  <testcase name="fileLoadWithZeroMessagesTest" time="0.0" classname="com.kalkitech.doble.testcases.SCLFiles.SCLFileLoadingTest">
    <skipped/>
  </testcase> <!-- fileLoadWithZeroMessagesTest -->
  <testcase name="XBtnInIEDLoadSuccessPageCheckTest" time="0.0" classname="com.kalkitech.doble.testcases.SCLFiles.SCLFileLoadingTest">
    <ignored/>
  </testcase> <!-- XBtnInIEDLoadSuccessPageCheckTest -->
  <testcase name="IEDLoadPageElementsCheckTest" time="0.0" classname="com.kalkitech.doble.testcases.SCLFiles.SCLFileLoadingTest">
    <ignored/>
  </testcase> <!-- IEDLoadPageElementsCheckTest -->
  <testcase name="renamePopUpElementsCheckTest" time="0.0" classname="com.kalkitech.doble.testcases.SCLFiles.SCLFileLoadingTest">
    <ignored/>
  </testcase> <!-- renamePopUpElementsCheckTest -->
  <testcase name="loadsedFileInFileSystemTest" time="0.0" classname="com.kalkitech.doble.testcases.SCLFiles.SCLFileLoadingTest">
    <ignored/>
  </testcase> <!-- loadsedFileInFileSystemTest -->
  <testcase name="extensionAvailableCheckTest" time="0.0" classname="com.kalkitech.doble.testcases.SCLFiles.SCLFileLoadingTest">
    <ignored/>
  </testcase> <!-- extensionAvailableCheckTest -->
  <testcase name="replaceDuplicateFileUploadTest" time="0.0" classname="com.kalkitech.doble.testcases.SCLFiles.SCLFileLoadingTest">
    <ignored/>
  </testcase> <!-- replaceDuplicateFileUploadTest -->
  <testcase name="IEDLoadstatusCheckTest" time="0.0" classname="com.kalkitech.doble.testcases.SCLFiles.SCLFileLoadingTest">
    <ignored/>
  </testcase> <!-- IEDLoadstatusCheckTest -->
  <testcase name="sclFileloadWithOnlyGSEMessagesTest" time="0.0" classname="com.kalkitech.doble.testcases.SCLFiles.SCLFileLoadingTest">
    <ignored/>
  </testcase> <!-- sclFileloadWithOnlyGSEMessagesTest -->
  <testcase name="settingsElementsCheckTest" time="0.0" classname="com.kalkitech.doble.testcases.SCLFiles.SCLFileLoadingTest">
    <ignored/>
  </testcase> <!-- settingsElementsCheckTest -->
  <testcase name="loadingWindowcidFileTest" time="0.0" classname="com.kalkitech.doble.testcases.SCLFiles.SCLFileLoadingTest">
    <ignored/>
  </testcase> <!-- loadingWindowcidFileTest -->
  <testcase name="sclFileloadWithOnlySVMessagesTest" time="0.0" classname="com.kalkitech.doble.testcases.SCLFiles.SCLFileLoadingTest">
    <ignored/>
  </testcase> <!-- sclFileloadWithOnlySVMessagesTest -->
  <testcase name="canceldeleteFileInFileSystemTableTest" time="0.0" classname="com.kalkitech.doble.testcases.SCLFiles.SCLFileLoadingTest">
    <ignored/>
  </testcase> <!-- canceldeleteFileInFileSystemTableTest -->
  <testcase name="loadingWindowscdFileTest" time="0.0" classname="com.kalkitech.doble.testcases.SCLFiles.SCLFileLoadingTest">
    <ignored/>
  </testcase> <!-- loadingWindowscdFileTest -->
  <testcase name="IEDLoadSuccessMsgCheckTest" time="0.0" classname="com.kalkitech.doble.testcases.SCLFiles.SCLFileLoadingTest">
    <ignored/>
  </testcase> <!-- IEDLoadSuccessMsgCheckTest -->
  <testcase name="singleIEDloadTest" time="0.0" classname="com.kalkitech.doble.testcases.SCLFiles.SCLFileLoadingTest">
    <ignored/>
  </testcase> <!-- singleIEDloadTest -->
  <testcase name="deleteSelectedClickWithoutSelectingFileTest" time="0.0" classname="com.kalkitech.doble.testcases.SCLFiles.SCLFileLoadingTest">
    <ignored/>
  </testcase> <!-- deleteSelectedClickWithoutSelectingFileTest -->
  <testcase name="selectFilesUsingSelectAllFileSystemTest" time="0.0" classname="com.kalkitech.doble.testcases.SCLFiles.SCLFileLoadingTest">
    <ignored/>
  </testcase> <!-- selectFilesUsingSelectAllFileSystemTest -->
  <testcase name="closeBtnClickInIEDsStatusInfoPopUpTest" time="0.0" classname="com.kalkitech.doble.testcases.SCLFiles.SCLFileLoadingTest">
    <ignored/>
  </testcase> <!-- closeBtnClickInIEDsStatusInfoPopUpTest -->
  <testcase name="canceldeleteFileInFileSystemTableUsingCloseTest" time="0.0" classname="com.kalkitech.doble.testcases.SCLFiles.SCLFileLoadingTest">
    <ignored/>
  </testcase> <!-- canceldeleteFileInFileSystemTableUsingCloseTest -->
  <testcase name="loadiidFileInFileSystemTest" time="0.0" classname="com.kalkitech.doble.testcases.SCLFiles.SCLFileLoadingTest">
    <ignored/>
  </testcase> <!-- loadiidFileInFileSystemTest -->
  <testcase name="deleteAllFileInFilesystemTableTest" time="0.0" classname="com.kalkitech.doble.testcases.SCLFiles.SCLFileLoadingTest">
    <ignored/>
  </testcase> <!-- deleteAllFileInFilesystemTableTest -->
  <testcase name="searchFunctionFileSystemWithRandomcharacterSearchTest" time="0.0" classname="com.kalkitech.doble.testcases.SCLFiles.SCLFileLoadingTest">
    <ignored/>
  </testcase> <!-- searchFunctionFileSystemWithRandomcharacterSearchTest -->
  <testcase name="loadIEDPopUpCheckTest" time="0.0" classname="com.kalkitech.doble.testcases.SCLFiles.SCLFileLoadingTest">
    <ignored/>
  </testcase> <!-- loadIEDPopUpCheckTest -->
  <testcase name="searchFunctionFileSystemTest" time="0.0" classname="com.kalkitech.doble.testcases.SCLFiles.SCLFileLoadingTest">
    <ignored/>
  </testcase> <!-- searchFunctionFileSystemTest -->
  <testcase name="warningMsgOnSubmitWithoutUploadTest" time="0.0" classname="com.kalkitech.doble.testcases.SCLFiles.SCLFileLoadingTest">
    <ignored/>
  </testcase> <!-- warningMsgOnSubmitWithoutUploadTest -->
  <testcase name="UIElementsCheckTest" time="0.0" classname="com.kalkitech.doble.testcases.SCLFiles.SCLFileLoadingTest">
    <ignored/>
  </testcase> <!-- UIElementsCheckTest -->
  <testcase name="removeFileUsingDeleteBtnFileSystemTest" time="0.0" classname="com.kalkitech.doble.testcases.SCLFiles.SCLFileLoadingTest">
    <ignored/>
  </testcase> <!-- removeFileUsingDeleteBtnFileSystemTest -->
  <testcase name="loadingWindowicdFileTest" time="0.0" classname="com.kalkitech.doble.testcases.SCLFiles.SCLFileLoadingTest">
    <ignored/>
  </testcase> <!-- loadingWindowicdFileTest -->
  <testcase name="siscoErrorfileloadTest" time="0.0" classname="com.kalkitech.doble.testcases.SCLFiles.SCLFileLoadingTest">
    <ignored/>
  </testcase> <!-- siscoErrorfileloadTest -->
  <testcase name="columnCheckInfilesystemTableTest" time="0.0" classname="com.kalkitech.doble.testcases.SCLFiles.SCLFileLoadingTest">
    <ignored/>
  </testcase> <!-- columnCheckInfilesystemTableTest -->
  <testcase name="loadingWindowiidFileTest" time="0.0" classname="com.kalkitech.doble.testcases.SCLFiles.SCLFileLoadingTest">
    <ignored/>
  </testcase> <!-- loadingWindowiidFileTest -->
  <testcase name="removeFileUsingDeleteAllFileSystemTest" time="0.0" classname="com.kalkitech.doble.testcases.SCLFiles.SCLFileLoadingTest">
    <ignored/>
  </testcase> <!-- removeFileUsingDeleteAllFileSystemTest -->
  <testcase name="sclFileLoadTest" time="0.0" classname="com.kalkitech.doble.testcases.SCLFiles.SCLFileLoadingTest">
    <ignored/>
  </testcase> <!-- sclFileLoadTest -->
  <testcase name="loadssdFileInFileSystemTest" time="0.0" classname="com.kalkitech.doble.testcases.SCLFiles.SCLFileLoadingTest">
    <ignored/>
  </testcase> <!-- loadssdFileInFileSystemTest -->
  <testcase name="sclFileloadWithGSEAndSVMessagesTest" time="0.0" classname="com.kalkitech.doble.testcases.SCLFiles.SCLFileLoadingTest">
    <ignored/>
  </testcase> <!-- sclFileloadWithGSEAndSVMessagesTest -->
  <testcase name="cancelrenameFileInFilesystemTableTest" time="0.0" classname="com.kalkitech.doble.testcases.SCLFiles.SCLFileLoadingTest">
    <ignored/>
  </testcase> <!-- cancelrenameFileInFilesystemTableTest -->
  <testcase name="loadcidFileInFileSystemTest" time="0.0" classname="com.kalkitech.doble.testcases.SCLFiles.SCLFileLoadingTest">
    <ignored/>
  </testcase> <!-- loadcidFileInFileSystemTest -->
  <testcase name="loadingWindowssdFileTest" time="0.0" classname="com.kalkitech.doble.testcases.SCLFiles.SCLFileLoadingTest">
    <ignored/>
  </testcase> <!-- loadingWindowssdFileTest -->
  <testcase name="renameFileInFileSystemTableTest" time="0.0" classname="com.kalkitech.doble.testcases.SCLFiles.SCLFileLoadingTest">
    <ignored/>
  </testcase> <!-- renameFileInFileSystemTableTest -->
  <testcase name="loadscdFileInFileSystemTest" time="0.0" classname="com.kalkitech.doble.testcases.SCLFiles.SCLFileLoadingTest">
    <ignored/>
  </testcase> <!-- loadscdFileInFileSystemTest -->
  <testcase name="deleteFileInfilesystemTableTest" time="0.0" classname="com.kalkitech.doble.testcases.SCLFiles.SCLFileLoadingTest">
    <ignored/>
  </testcase> <!-- deleteFileInfilesystemTableTest -->
  <testcase name="cancelReplaceDuplicateFileUploadTest" time="0.0" classname="com.kalkitech.doble.testcases.SCLFiles.SCLFileLoadingTest">
    <ignored/>
  </testcase> <!-- cancelReplaceDuplicateFileUploadTest -->
  <testcase name="loadicdFileInFileSystemTest" time="0.0" classname="com.kalkitech.doble.testcases.SCLFiles.SCLFileLoadingTest">
    <ignored/>
  </testcase> <!-- loadicdFileInFileSystemTest -->
  <testcase name="uploadPopUpAndElementsCheckTest" time="0.0" classname="com.kalkitech.doble.testcases.SCLFiles.SCLFileLoadingTest">
    <ignored/>
  </testcase> <!-- uploadPopUpAndElementsCheckTest -->
  <testcase name="loadingWindowsedFileTest" time="0.0" classname="com.kalkitech.doble.testcases.SCLFiles.SCLFileLoadingTest">
    <ignored/>
  </testcase> <!-- loadingWindowsedFileTest -->
  <testcase name="selectAllClickInSelectIEDsPopUpTest" time="0.0" classname="com.kalkitech.doble.testcases.SCLFiles.SCLFileLoadingTest">
    <ignored/>
  </testcase> <!-- selectAllClickInSelectIEDsPopUpTest -->
  <testcase name="multipleIEDloadTest" time="0.0" classname="com.kalkitech.doble.testcases.SCLFiles.SCLFileLoadingTest">
    <ignored/>
  </testcase> <!-- multipleIEDloadTest -->
  <testcase name="closeBtnInIEDLoadSuccessPageCheckTest" time="0.0" classname="com.kalkitech.doble.testcases.SCLFiles.SCLFileLoadingTest">
    <ignored/>
  </testcase> <!-- closeBtnInIEDLoadSuccessPageCheckTest -->
</testsuite> <!-- Test-Login-UserMgmt(failed)(failed) -->
